# JRE version: Java(TM) SE Runtime Environment (17.0.10+11) (build 17.0.10+11-LTS-240)
# Java VM: Java HotSpot(TM) 64-Bit Server VM (17.0.10+11-LTS-240, mixed mode, emulated-client, sharing, tiered, compressed oops, compressed class ptrs, g1 gc, windows-amd64)
GC Precious Log:
 CPUs: 16 total, 16 available
 Memory: 16108M
 Large Page Support: Disabled
 NUMA Support: Disabled
 Compressed Oops: Enabled (Zero based)
 Heap Region Size: 2M
 Heap Min Capacity: 8M
 Heap Initial Capacity: 252M
 Heap Max Capacity: 4028M
 Pre-touch: Disabled
 Parallel Workers: 13
 Concurrent Workers: 3
 Concurrent Refinement Workers: 13
 Periodic GC: Disabled
Heap:
 garbage-first heap   total 172032K, used 70729K [0x0000000704400000, 0x0000000800000000)
  region size 2048K, 5 young (10240K), 5 survivors (10240K)
 Metaspace       used 87064K, committed 87680K, reserved 1179648K
  class space    used 11287K, committed 11584K, reserved 1048576K
GC Heap History (20 events):
Event: 2.890 GC heap after
{Heap after GC invocations=11 (full 0):
 garbage-first heap   total 122880K, used 35629K [0x0000000704400000, 0x0000000800000000)
  region size 2048K, 5 young (10240K), 5 survivors (10240K)
 Metaspace       used 44702K, committed 45184K, reserved 1114112K
  class space    used 6296K, committed 6528K, reserved 1048576K
}
Event: 2.903 GC heap before
{Heap before GC invocations=11 (full 0):
 garbage-first heap   total 122880K, used 37677K [0x0000000704400000, 0x0000000800000000)
  region size 2048K, 6 young (12288K), 5 survivors (10240K)
 Metaspace       used 44725K, committed 45248K, reserved 1114112K
  class space    used 6300K, committed 6528K, reserved 1048576K
}
Event: 2.909 GC heap after
{Heap after GC invocations=12 (full 0):
 garbage-first heap   total 122880K, used 36680K [0x0000000704400000, 0x0000000800000000)
  region size 2048K, 1 young (2048K), 1 survivors (2048K)
 Metaspace       used 44725K, committed 45248K, reserved 1114112K
  class space    used 6300K, committed 6528K, reserved 1048576K
}
Event: 3.412 GC heap before
{Heap before GC invocations=12 (full 0):
 garbage-first heap   total 122880K, used 89928K [0x0000000704400000, 0x0000000800000000)
  region size 2048K, 27 young (55296K), 1 survivors (2048K)
 Metaspace       used 51743K, committed 52352K, reserved 1114112K
  class space    used 7182K, committed 7488K, reserved 1048576K
}
Event: 3.415 GC heap after
{Heap after GC invocations=13 (full 0):
 garbage-first heap   total 245760K, used 38782K [0x0000000704400000, 0x0000000800000000)
  region size 2048K, 2 young (4096K), 2 survivors (4096K)
 Metaspace       used 51743K, committed 52352K, reserved 1114112K
  class space    used 7182K, committed 7488K, reserved 1048576K
}
Event: 3.735 GC heap before
{Heap before GC invocations=13 (full 0):
 garbage-first heap   total 245760K, used 180094K [0x0000000704400000, 0x0000000800000000)
  region size 2048K, 71 young (145408K), 2 survivors (4096K)
 Metaspace       used 52858K, committed 53440K, reserved 1114112K
  class space    used 7331K, committed 7616K, reserved 1048576K
}
Event: 3.738 GC heap after
{Heap after GC invocations=14 (full 0):
 garbage-first heap   total 245760K, used 41248K [0x0000000704400000, 0x0000000800000000)
  region size 2048K, 3 young (6144K), 3 survivors (6144K)
 Metaspace       used 52858K, committed 53440K, reserved 1114112K
  class space    used 7331K, committed 7616K, reserved 1048576K
}
Event: 4.225 GC heap before
{Heap before GC invocations=14 (full 0):
 garbage-first heap   total 245760K, used 92448K [0x0000000704400000, 0x0000000800000000)
  region size 2048K, 30 young (61440K), 3 survivors (6144K)
 Metaspace       used 59958K, committed 60480K, reserved 1114112K
  class space    used 8126K, committed 8384K, reserved 1048576K
}
Event: 4.230 GC heap after
{Heap after GC invocations=15 (full 0):
 garbage-first heap   total 245760K, used 45998K [0x0000000704400000, 0x0000000800000000)
  region size 2048K, 6 young (12288K), 6 survivors (12288K)
 Metaspace       used 59958K, committed 60480K, reserved 1114112K
  class space    used 8126K, committed 8384K, reserved 1048576K
}
Event: 5.035 GC heap before
{Heap before GC invocations=16 (full 0):
 garbage-first heap   total 172032K, used 134062K [0x0000000704400000, 0x0000000800000000)
  region size 2048K, 50 young (102400K), 6 survivors (12288K)
 Metaspace       used 73380K, committed 73920K, reserved 1114112K
  class space    used 9710K, committed 9984K, reserved 1048576K
}
Event: 5.043 GC heap after
{Heap after GC invocations=17 (full 0):
 garbage-first heap   total 172032K, used 54066K [0x0000000704400000, 0x0000000800000000)
  region size 2048K, 7 young (14336K), 7 survivors (14336K)
 Metaspace       used 73380K, committed 73920K, reserved 1114112K
  class space    used 9710K, committed 9984K, reserved 1048576K
}
Event: 5.222 GC heap before
{Heap before GC invocations=17 (full 0):
 garbage-first heap   total 172032K, used 56114K [0x0000000704400000, 0x0000000800000000)
  region size 2048K, 8 young (16384K), 7 survivors (14336K)
 Metaspace       used 75909K, committed 76480K, reserved 1179648K
  class space    used 10040K, committed 10304K, reserved 1048576K
}
Event: 5.228 GC heap after
{Heap after GC invocations=18 (full 0):
 garbage-first heap   total 172032K, used 56153K [0x0000000704400000, 0x0000000800000000)
  region size 2048K, 1 young (2048K), 1 survivors (2048K)
 Metaspace       used 75909K, committed 76480K, reserved 1179648K
  class space    used 10040K, committed 10304K, reserved 1048576K
}
Event: 5.815 GC heap before
{Heap before GC invocations=18 (full 0):
 garbage-first heap   total 172032K, used 133977K [0x0000000704400000, 0x0000000800000000)
  region size 2048K, 39 young (79872K), 1 survivors (2048K)
 Metaspace       used 80160K, committed 80704K, reserved 1179648K
  class space    used 10486K, committed 10752K, reserved 1048576K
}
Event: 5.817 GC heap after
{Heap after GC invocations=19 (full 0):
 garbage-first heap   total 172032K, used 58514K [0x0000000704400000, 0x0000000800000000)
  region size 2048K, 3 young (6144K), 3 survivors (6144K)
 Metaspace       used 80160K, committed 80704K, reserved 1179648K
  class space    used 10486K, committed 10752K, reserved 1048576K
}
Event: 6.068 GC heap before
{Heap before GC invocations=19 (full 0):
 garbage-first heap   total 172032K, used 134290K [0x0000000704400000, 0x0000000800000000)
  region size 2048K, 40 young (81920K), 3 survivors (6144K)
 Metaspace       used 81164K, committed 81728K, reserved 1179648K
  class space    used 10537K, committed 10816K, reserved 1048576K
}
Event: 6.071 GC heap after
{Heap after GC invocations=20 (full 0):
 garbage-first heap   total 172032K, used 61276K [0x0000000704400000, 0x0000000800000000)
  region size 2048K, 4 young (8192K), 4 survivors (8192K)
 Metaspace       used 81164K, committed 81728K, reserved 1179648K
  class space    used 10537K, committed 10816K, reserved 1048576K
}
Event: 6.451 GC heap before
{Heap before GC invocations=20 (full 0):
 garbage-first heap   total 172032K, used 137052K [0x0000000704400000, 0x0000000800000000)
  region size 2048K, 41 young (83968K), 4 survivors (8192K)
 Metaspace       used 82949K, committed 83584K, reserved 1179648K
  class space    used 10686K, committed 11008K, reserved 1048576K
}
Event: 6.458 GC heap after
{Heap after GC invocations=21 (full 0):
 garbage-first heap   total 172032K, used 65215K [0x0000000704400000, 0x0000000800000000)
  region size 2048K, 4 young (8192K), 4 survivors (8192K)
 Metaspace       used 82949K, committed 83584K, reserved 1179648K
  class space    used 10686K, committed 11008K, reserved 1048576K
}
Event: 7.063 GC heap before
{Heap before GC invocations=21 (full 0):
 garbage-first heap   total 172032K, used 136895K [0x0000000704400000, 0x0000000800000000)
  region size 2048K, 39 young (79872K), 4 survivors (8192K)
 Metaspace       used 87064K, committed 87680K, reserved 1179648K
  class space    used 11287K, committed 11584K, reserved 1048576K
}

